<?xml version="1.0" encoding="UTF-8"?>
<!-- Generated by org.testng.reporters.JUnitReportReporter -->
<testsuite hostname="LAPTOP-ONCE98CT" failures="0" tests="1" name="day1.Program2Test" time="19.913" errors="0" timestamp="2023-11-29T15:24:03 IST" skipped="0">
  <testcase classname="day1.Program2Test" name="test" time="19.913"/>
</testsuite> <!-- day1.Program2Test -->
